<?xml version="1.0" encoding="UTF-8"?>
<!-- Generated by org.testng.reporters.JUnitXMLReporter -->
<testsuite hostname="DESKTOP-4KD4H5I" ignored="0" name="Default test" tests="3" failures="0" timestamp="28 Apr 2020 18:10:27 GMT" time="22.493" errors="0">
  <testcase name="signUp_Website" time="5.14" classname="Tests.TestRunner"/>
  <testcase name="SignIn_Website" time="1.766" classname="Tests.TestRunner"/>
  <testcase name="closeBrowser" time="15.56" classname="Tests.TestRunner"/>
</testsuite> <!-- Default test -->
